\BOOKMARK [0][-]{part.1}{I Tutorial}{}
\BOOKMARK [1][-]{section.1}{Getting Started}{part.1}
\BOOKMARK [2][-]{subsection.1.1}{GNU R}{section.1}
\BOOKMARK [3][-]{subsubsection.1.1.1}{Mac OSX}{subsection.1.1}
\BOOKMARK [3][-]{subsubsection.1.1.2}{Windows}{subsection.1.1}
\BOOKMARK [3][-]{subsubsection.1.1.3}{Linux}{subsection.1.1}
\BOOKMARK [3][-]{subsubsection.1.1.4}{Other options}{subsection.1.1}
\BOOKMARK [2][-]{subsection.1.2}{Text Editor}{section.1}
\BOOKMARK [3][-]{subsubsection.1.2.1}{Cross-platform}{subsection.1.2}
\BOOKMARK [3][-]{subsubsection.1.2.2}{Mac OSX}{subsection.1.2}
\BOOKMARK [3][-]{subsubsection.1.2.3}{Windows}{subsection.1.2}
\BOOKMARK [1][-]{section.2}{Your first R session}{part.1}
\BOOKMARK [2][-]{subsection.2.1}{Interpreter}{section.2}
\BOOKMARK [3][-]{subsubsection.2.1.1}{Example 1}{subsection.2.1}
\BOOKMARK [3][-]{subsubsection.2.1.2}{Tab completion}{subsection.2.1}
\BOOKMARK [3][-]{subsubsection.2.1.3}{History}{subsection.2.1}
\BOOKMARK [3][-]{subsubsection.2.1.4}{Comments}{subsection.2.1}
\BOOKMARK [3][-]{subsubsection.2.1.5}{Prompt}{subsection.2.1}
\BOOKMARK [3][-]{subsubsection.2.1.6}{Exploring the current environment}{subsection.2.1}
\BOOKMARK [3][-]{subsubsection.2.1.7}{Getting help}{subsection.2.1}
\BOOKMARK [3][-]{subsubsection.2.1.8}{Help browser}{subsection.2.1}
\BOOKMARK [3][-]{subsubsection.2.1.9}{Examples}{subsection.2.1}
\BOOKMARK [3][-]{subsubsection.2.1.10}{Session}{subsection.2.1}
\BOOKMARK [3][-]{subsubsection.2.1.11}{Quitting}{subsection.2.1}
\BOOKMARK [3][-]{subsubsection.2.1.12}{Aborting}{subsection.2.1}
\BOOKMARK [1][-]{section.3}{Exploring R}{part.1}
\BOOKMARK [2][-]{subsection.3.1}{Example 2: Calculator}{section.3}
\BOOKMARK [2][-]{subsection.3.2}{Example 3: Variables}{section.3}
\BOOKMARK [3][-]{subsubsection.3.2.1}{Names}{subsection.3.2}
\BOOKMARK [3][-]{subsubsection.3.2.2}{Types}{subsection.3.2}
\BOOKMARK [3][-]{subsubsection.3.2.3}{Attributes and coercion}{subsection.3.2}
\BOOKMARK [3][-]{subsubsection.3.2.4}{Vectors and Matrices}{subsection.3.2}
\BOOKMARK [3][-]{subsubsection.3.2.5}{Lists and data.frames}{subsection.3.2}
\BOOKMARK [3][-]{subsubsection.3.2.6}{Special values}{subsection.3.2}
\BOOKMARK [2][-]{subsection.3.3}{Boolean Logic}{section.3}
\BOOKMARK [3][-]{subsubsection.3.3.1}{Conditionals}{subsection.3.3}
\BOOKMARK [3][-]{subsubsection.3.3.2}{Flow control / loops}{subsection.3.3}
\BOOKMARK [2][-]{subsection.3.4}{Example 4: Functions}{section.3}
\BOOKMARK [2][-]{subsection.3.5}{Miscellany}{section.3}
\BOOKMARK [1][-]{section.4}{Source files}{part.1}
\BOOKMARK [2][-]{subsection.4.1}{Overview}{section.4}
\BOOKMARK [2][-]{subsection.4.2}{Style}{section.4}
\BOOKMARK [2][-]{subsection.4.3}{Functions}{section.4}
\BOOKMARK [2][-]{subsection.4.4}{Scripts}{section.4}
\BOOKMARK [0][-]{part.2}{II Exercises}{}
